{
  "RSpec": {
    "coverage": {
      "/Users/andrewjohnston/mod3/projects/sweater_weather/config/environment.rb": {
        "lines": [
          null,
          1,
          null,
          null,
          1
        ]
      },
      "/Users/andrewjohnston/mod3/projects/sweater_weather/config/application.rb": {
        "lines": [
          1,
          null,
          1,
          null,
          1,
          1,
          1,
          1,
          1,
          1,
          1,
          1,
          null,
          null,
          null,
          null,
          null,
          1,
          null,
          1,
          1,
          null,
          1,
          null,
          null,
          null,
          null,
          null,
          null,
          null,
          null,
          null,
          1,
          null,
          null
        ]
      },
      "/Users/andrewjohnston/mod3/projects/sweater_weather/config/boot.rb": {
        "lines": [
          1,
          null,
          1,
          1
        ]
      },
      "/Users/andrewjohnston/mod3/projects/sweater_weather/config/environments/test.rb": {
        "lines": [
          1,
          null,
          null,
          null,
          null,
          null,
          null,
          1,
          null,
          null,
          null,
          null,
          1,
          null,
          null,
          1,
          1,
          null,
          null,
          null,
          null,
          1,
          1,
          null,
          null,
          1,
          null,
          null,
          1,
          null,
          null,
          1,
          null,
          1,
          null,
          null,
          null,
          null,
          1,
          null,
          null,
          1,
          null,
          null,
          null,
          null
        ]
      },
      "/Users/andrewjohnston/mod3/projects/sweater_weather/config/initializers/application_controller_renderer.rb": {
        "lines": [
          null,
          null,
          null,
          null,
          null,
          null,
          null,
          null
        ]
      },
      "/Users/andrewjohnston/mod3/projects/sweater_weather/config/initializers/backtrace_silencers.rb": {
        "lines": [
          null,
          null,
          null,
          null,
          null,
          null,
          null
        ]
      },
      "/Users/andrewjohnston/mod3/projects/sweater_weather/config/initializers/cors.rb": {
        "lines": [
          null,
          null,
          null,
          null,
          null,
          null,
          null,
          null,
          null,
          null,
          null,
          null,
          null,
          null,
          null,
          null
        ]
      },
      "/Users/andrewjohnston/mod3/projects/sweater_weather/config/initializers/filter_parameter_logging.rb": {
        "lines": [
          null,
          null,
          null,
          1
        ]
      },
      "/Users/andrewjohnston/mod3/projects/sweater_weather/config/initializers/inflections.rb": {
        "lines": [
          null,
          null,
          null,
          null,
          null,
          null,
          null,
          null,
          null,
          null,
          null,
          null,
          null,
          null,
          null,
          null
        ]
      },
      "/Users/andrewjohnston/mod3/projects/sweater_weather/config/initializers/mime_types.rb": {
        "lines": [
          null,
          null,
          null,
          null
        ]
      },
      "/Users/andrewjohnston/mod3/projects/sweater_weather/config/initializers/wrap_parameters.rb": {
        "lines": [
          null,
          null,
          null,
          null,
          null,
          null,
          1,
          2,
          null,
          null,
          null,
          null,
          null,
          null
        ]
      },
      "/Users/andrewjohnston/mod3/projects/sweater_weather/config/routes.rb": {
        "lines": [
          1,
          1,
          1,
          1,
          1,
          1,
          null,
          null,
          null
        ]
      },
      "/Users/andrewjohnston/mod3/projects/sweater_weather/app/facades/flickr_facade.rb": {
        "lines": [
          1,
          1,
          3,
          3,
          null,
          null,
          null,
          null,
          null,
          null,
          null,
          null,
          null,
          null,
          null,
          3,
          null,
          null
        ]
      },
      "/Users/andrewjohnston/mod3/projects/sweater_weather/spec/facades/forecast_facade_spec.rb": {
        "lines": [
          1,
          null,
          1,
          1,
          1,
          1,
          null,
          1,
          null,
          null,
          null
        ]
      },
      "/Users/andrewjohnston/mod3/projects/sweater_weather/app/facades/forecast_facade.rb": {
        "lines": [
          1,
          1,
          5,
          5,
          null,
          null
        ]
      },
      "/Users/andrewjohnston/mod3/projects/sweater_weather/spec/facades/weather_facade_spec.rb": {
        "lines": [
          1,
          null,
          1,
          1,
          5,
          5,
          null,
          null,
          1,
          1,
          1,
          1,
          null,
          null,
          null,
          null,
          null,
          null,
          null,
          null,
          null,
          null,
          null,
          null,
          1,
          1,
          null,
          1,
          1,
          1,
          1,
          1,
          1,
          1,
          null,
          null,
          1,
          1,
          null,
          1,
          1,
          null,
          1,
          1,
          1,
          1,
          1,
          1,
          1,
          1,
          1,
          1,
          1,
          null,
          null,
          1,
          1,
          1,
          null,
          null,
          null,
          null,
          null,
          null,
          null,
          null,
          null,
          1,
          1,
          null,
          1,
          1,
          1,
          1,
          1,
          1,
          1,
          1,
          1,
          1,
          1,
          1,
          1,
          1,
          null,
          null,
          1,
          1,
          1,
          null,
          null,
          1,
          1,
          null,
          1,
          1,
          1,
          1,
          1,
          1,
          1,
          null,
          null,
          null
        ]
      },
      "/Users/andrewjohnston/mod3/projects/sweater_weather/app/facades/weather_facade.rb": {
        "lines": [
          1,
          1,
          6,
          null,
          null,
          null,
          null,
          6,
          null,
          null,
          1,
          7,
          7,
          null,
          null,
          null,
          null,
          null,
          null,
          null,
          null,
          null,
          null,
          null,
          null,
          null,
          1,
          7,
          56,
          null,
          null,
          null,
          null,
          null,
          null,
          null,
          null,
          1,
          7,
          35,
          null,
          null,
          null,
          null,
          null,
          null,
          null,
          null,
          null,
          null,
          null,
          1,
          142,
          null,
          null
        ]
      },
      "/Users/andrewjohnston/mod3/projects/sweater_weather/spec/models/user_spec.rb": {
        "lines": [
          1,
          null,
          1,
          1,
          1,
          null,
          null,
          null,
          null,
          1,
          null,
          null,
          1,
          1,
          1,
          null,
          null,
          null,
          null
        ]
      },
      "/Users/andrewjohnston/mod3/projects/sweater_weather/app/models/user.rb": {
        "lines": [
          1,
          null,
          1,
          1,
          1,
          1,
          1,
          null,
          1,
          7,
          null,
          null
        ]
      },
      "/Users/andrewjohnston/mod3/projects/sweater_weather/app/models/application_record.rb": {
        "lines": [
          1,
          1,
          null
        ]
      },
      "/Users/andrewjohnston/mod3/projects/sweater_weather/spec/poros/forecast_spec.rb": {
        "lines": [
          1,
          null,
          1,
          1,
          1,
          null,
          null,
          null,
          null,
          null,
          1,
          null,
          1,
          1,
          1,
          1,
          1,
          null,
          null
        ]
      },
      "/Users/andrewjohnston/mod3/projects/sweater_weather/app/poros/forecast.rb": {
        "lines": [
          1,
          1,
          null,
          null,
          null,
          null,
          1,
          7,
          7,
          7,
          7,
          null,
          null
        ]
      },
      "/Users/andrewjohnston/mod3/projects/sweater_weather/spec/poros/image_spec.rb": {
        "lines": [
          1,
          null,
          1,
          1,
          1,
          null,
          null,
          null,
          null,
          null,
          null,
          null,
          null,
          null,
          null,
          1,
          null,
          1,
          1,
          null,
          null
        ]
      },
      "/Users/andrewjohnston/mod3/projects/sweater_weather/app/poros/image.rb": {
        "lines": [
          1,
          1,
          null,
          null,
          1,
          4,
          4,
          null,
          null
        ]
      },
      "/Users/andrewjohnston/mod3/projects/sweater_weather/spec/requests/api/v1/forecast_index_request_spec.rb": {
        "lines": [
          1,
          null,
          1,
          1,
          1,
          1,
          null,
          1,
          1,
          null,
          1,
          1,
          1,
          1,
          1,
          null,
          null,
          1,
          1,
          1,
          null,
          1,
          1,
          null,
          1,
          1,
          1,
          1,
          1,
          1,
          1,
          1,
          1,
          1,
          null,
          null,
          null,
          1,
          1,
          1,
          null,
          1,
          1,
          null,
          1,
          1,
          1,
          1,
          1,
          1,
          1,
          null,
          null,
          null,
          1,
          1,
          1,
          null,
          1,
          1,
          null,
          1,
          1,
          1,
          1,
          null,
          null,
          null,
          null
        ]
      },
      "/Users/andrewjohnston/mod3/projects/sweater_weather/spec/requests/api/v1/images_show_request_spec.rb": {
        "lines": [
          1,
          null,
          1,
          1,
          1,
          1,
          null,
          1,
          1,
          null,
          1,
          1,
          1,
          1,
          1,
          null,
          null,
          null,
          1,
          1,
          1,
          null,
          1,
          1,
          null,
          1,
          null,
          null,
          1,
          1,
          null,
          1,
          1,
          null,
          1,
          null,
          null,
          null
        ]
      },
      "/Users/andrewjohnston/mod3/projects/sweater_weather/spec/requests/api/v1/users_post_request_spec.rb": {
        "lines": [
          1,
          null,
          1,
          1,
          1,
          1,
          null,
          null,
          null,
          null,
          null,
          1,
          1,
          1,
          null,
          1,
          1,
          null,
          1,
          1,
          1,
          1,
          null,
          null,
          null,
          1,
          1,
          1,
          1,
          null,
          null,
          null,
          null,
          null,
          1,
          1,
          1,
          null,
          1,
          1,
          null,
          1,
          null,
          null,
          1,
          null,
          null,
          null,
          1,
          1,
          null,
          null,
          null,
          null,
          null,
          1,
          1,
          1,
          null,
          1,
          1,
          null,
          1,
          null,
          null,
          1,
          1,
          null,
          null,
          null,
          null,
          null,
          1,
          1,
          1,
          null,
          1,
          1,
          null,
          1,
          null,
          null,
          null
        ]
      },
      "/Users/andrewjohnston/mod3/projects/sweater_weather/spec/services/flickr_service_spec.rb": {
        "lines": [
          1,
          null,
          1,
          1,
          1,
          1,
          null,
          1,
          null,
          null,
          1,
          1,
          null,
          1,
          1,
          1,
          1,
          1,
          null,
          null,
          null
        ]
      },
      "/Users/andrewjohnston/mod3/projects/sweater_weather/app/services/flickr_service.rb": {
        "lines": [
          1,
          1,
          9,
          null,
          null,
          1,
          13,
          null,
          null,
          1,
          5,
          5,
          5,
          5,
          5,
          5,
          5,
          null,
          5,
          4,
          null,
          null,
          1,
          4,
          4,
          4,
          4,
          4,
          4,
          null,
          4,
          null,
          null
        ]
      },
      "/Users/andrewjohnston/mod3/projects/sweater_weather/spec/services/geocode_service_spec.rb": {
        "lines": [
          1,
          null,
          1,
          1,
          1,
          1,
          null,
          1,
          1,
          null,
          null,
          null
        ]
      },
      "/Users/andrewjohnston/mod3/projects/sweater_weather/app/services/geocode_service.rb": {
        "lines": [
          1,
          1,
          6,
          null,
          null,
          1,
          6,
          null,
          null,
          1,
          6,
          6,
          6,
          null,
          6,
          null,
          null
        ]
      },
      "/Users/andrewjohnston/mod3/projects/sweater_weather/spec/services/weather_service_spec.rb": {
        "lines": [
          1,
          null,
          1,
          1,
          1,
          1,
          null,
          1,
          1,
          1,
          null,
          null,
          1,
          1,
          null,
          1,
          1,
          1,
          1,
          1,
          1,
          1,
          1,
          1,
          1,
          null,
          null,
          1,
          1,
          null,
          1,
          1,
          1,
          1,
          1,
          null,
          null,
          1,
          1,
          null,
          1,
          1,
          1,
          1,
          1,
          1,
          1,
          null,
          null,
          null
        ]
      },
      "/Users/andrewjohnston/mod3/projects/sweater_weather/app/services/weather_service.rb": {
        "lines": [
          1,
          1,
          25,
          null,
          null,
          1,
          25,
          null,
          null,
          1,
          25,
          25,
          25,
          25,
          null,
          25,
          null,
          null,
          1,
          24,
          null,
          null,
          1,
          8,
          null,
          null,
          1,
          8,
          null,
          null,
          1,
          8,
          null,
          null
        ]
      },
      "/Users/andrewjohnston/mod3/projects/sweater_weather/app/controllers/api/v1/forecasts_controller.rb": {
        "lines": [
          1,
          1,
          4,
          4,
          4,
          null,
          4,
          null,
          0,
          null,
          null,
          null
        ]
      },
      "/Users/andrewjohnston/mod3/projects/sweater_weather/app/controllers/application_controller.rb": {
        "lines": [
          1,
          null,
          1,
          1,
          null,
          null
        ]
      },
      "/Users/andrewjohnston/mod3/projects/sweater_weather/app/serializers/forecast_serializer.rb": {
        "lines": [
          1,
          1,
          1,
          null
        ]
      },
      "/Users/andrewjohnston/mod3/projects/sweater_weather/app/controllers/api/v1/images_controller.rb": {
        "lines": [
          1,
          1,
          3,
          2,
          2,
          null,
          2,
          null,
          1,
          null,
          null,
          null
        ]
      },
      "/Users/andrewjohnston/mod3/projects/sweater_weather/app/serializers/image_serializer.rb": {
        "lines": [
          1,
          1,
          1,
          null
        ]
      },
      "/Users/andrewjohnston/mod3/projects/sweater_weather/app/controllers/api/v1/users_controller.rb": {
        "lines": [
          1,
          1,
          4,
          4,
          1,
          null,
          1,
          null,
          3,
          null,
          null,
          null,
          1,
          null,
          1,
          4,
          null,
          null
        ]
      },
      "/Users/andrewjohnston/mod3/projects/sweater_weather/app/serializers/users_serializer.rb": {
        "lines": [
          1,
          1,
          1,
          null
        ]
      }
    },
    "timestamp": 1619291037
  }
}
